[2018-03-16 12:24:19,198] multiqc                                            [DEBUG  ]  No MultiQC config found: /Users/daniel/miniconda3/lib/python3.6/site-packages/multiqc_config.yaml
[2018-03-16 12:24:19,198] multiqc                                            [DEBUG  ]  No MultiQC config found: /Users/daniel/.multiqc_config.yaml
[2018-03-16 12:24:19,198] multiqc                                            [DEBUG  ]  No MultiQC config found: multiqc_config.yaml
[2018-03-16 12:24:19,198] multiqc                                            [DEBUG  ]  Command used: /Users/daniel/miniconda3/bin/multiqc .
[2018-03-16 12:24:20,089] multiqc                                            [DEBUG  ]  Latest MultiQC version is v1.5
[2018-03-16 12:24:20,089] multiqc                                            [INFO   ]  This is MultiQC v1.5.dev0
[2018-03-16 12:24:20,090] multiqc                                            [DEBUG  ]  Command     : /Users/daniel/miniconda3/bin/multiqc .
[2018-03-16 12:24:20,090] multiqc                                            [DEBUG  ]  Working dir : /Users/daniel/OneDrive - UNIVERSIDAD NACIONAL AUTÓNOMA DE MÉXICO/owncloud/CLASE_BIOINFORMATICA_AVANZADA/ANALISIS_SECUENCIACION/PRACTICA_9_ENSAMBLE/RNASeq_small
[2018-03-16 12:24:20,090] multiqc                                            [INFO   ]  Template    : default
[2018-03-16 12:24:20,090] multiqc                                            [INFO   ]  Searching '.'
[2018-03-16 12:24:20,091] multiqc                                            [DEBUG  ]  Analysing modules: afterqc, custom_content, conpair, peddy, methylQA, qualimap, preseq, quast, qorts, rna_seqc, rsem, rseqc, busco, goleft_indexcov, disambiguate, supernova, deeptools, sargasso, verifybamid, homer, macs2, theta2, snpeff, gatk, htseq, bcftools, featureCounts, picard, prokka, samblaster, samtools, bamtools, jellyfish, vcftools, bbmap, bismark, hicexplorer, hicup, salmon, kallisto, slamdunk, star, hisat2, tophat, bowtie2, bowtie1, leehom, adapterRemoval, cutadapt, flexbar, trimmomatic, skewer, sortmerna, biobloomtools, fastq_screen, fastqc, clusterflow, bcl2fastq, interop
[2018-03-16 12:24:20,091] multiqc                                            [DEBUG  ]  Using temporary directory for creating report: /var/folders/bv/5plp6yn57tscxs4kys9cx9vh0000gn/T/tmpli2_4qi9
[2018-03-16 12:24:20,144] multiqc                                            [DEBUG  ]  Ignoring file as matched an ignore pattern: A14c_B1_R1_fastqc.html
[2018-03-16 12:24:20,144] multiqc                                            [DEBUG  ]  Ignoring file as matched an ignore pattern: A13c_B2_R2.fq.gz
[2018-03-16 12:24:20,144] multiqc                                            [DEBUG  ]  Ignoring file as matched an ignore pattern: A14c_B2_R2.fq.gz
[2018-03-16 12:24:20,145] multiqc                                            [DEBUG  ]  Ignoring file as matched an ignore pattern: A14b_B1_R2.fq.gz
[2018-03-16 12:24:20,145] multiqc                                            [DEBUG  ]  Ignoring file as matched an ignore pattern: A13b_B1_R2.fq.gz
[2018-03-16 12:24:20,145] multiqc                                            [DEBUG  ]  Ignoring file as matched an ignore pattern: A14b_B2_R2_fastqc.html
[2018-03-16 12:24:20,145] multiqc                                            [DEBUG  ]  Ignoring file as matched an ignore pattern: .DS_Store
[2018-03-16 12:24:20,146] multiqc                                            [DEBUG  ]  Ignoring file as matched an ignore pattern: A14b_B1_R1_fastqc.html
[2018-03-16 12:24:20,146] multiqc                                            [DEBUG  ]  Ignoring file as matched an ignore pattern: A14c_B2_R2_fastqc.html
[2018-03-16 12:24:20,146] multiqc                                            [DEBUG  ]  Ignoring file as matched an ignore pattern: A14c_B2_R1_fastqc.html
[2018-03-16 12:24:20,147] multiqc                                            [DEBUG  ]  Ignoring file as matched an ignore pattern: A13b_B1_R1.fq.gz
[2018-03-16 12:24:20,147] multiqc                                            [DEBUG  ]  Ignoring file as matched an ignore pattern: A14b_B1_R1.fq.gz
[2018-03-16 12:24:20,147] multiqc                                            [DEBUG  ]  Ignoring file as matched an ignore pattern: A14b_B1_R2_fastqc.html
[2018-03-16 12:24:20,147] multiqc                                            [DEBUG  ]  Ignoring file as matched an ignore pattern: A14c_B2_R1.fq.gz
[2018-03-16 12:24:20,147] multiqc                                            [DEBUG  ]  Ignoring file as matched an ignore pattern: A13c_B2_R1.fq.gz
[2018-03-16 12:24:20,148] multiqc                                            [DEBUG  ]  Ignoring file as matched an ignore pattern: A14b_B2_R1_fastqc.html
[2018-03-16 12:24:20,148] multiqc                                            [DEBUG  ]  Ignoring file as matched an ignore pattern: A14c_B1_R2_fastqc.html
[2018-03-16 12:24:20,148] multiqc                                            [DEBUG  ]  Ignoring file as matched an ignore pattern: A13b_B2_R2_fastqc.html
[2018-03-16 12:24:20,149] multiqc                                            [DEBUG  ]  Ignoring file as matched an ignore pattern: A13c_B1_R1_fastqc.html
[2018-03-16 12:24:20,149] multiqc                                            [DEBUG  ]  Ignoring file as matched an ignore pattern: A13c_B1_R2.fq.gz
[2018-03-16 12:24:20,149] multiqc                                            [DEBUG  ]  Ignoring file as matched an ignore pattern: A14c_B1_R2.fq.gz
[2018-03-16 12:24:20,150] multiqc                                            [DEBUG  ]  Ignoring file as matched an ignore pattern: A13c_B2_R2_fastqc.html
[2018-03-16 12:24:20,150] multiqc                                            [DEBUG  ]  Ignoring file as matched an ignore pattern: A14b_B2_R2.fq.gz
[2018-03-16 12:24:20,150] multiqc                                            [DEBUG  ]  Ignoring file as matched an ignore pattern: A13b_B2_R2.fq.gz
[2018-03-16 12:24:20,150] multiqc                                            [DEBUG  ]  Ignoring file as matched an ignore pattern: A13b_B1_R1_fastqc.html
[2018-03-16 12:24:20,151] multiqc                                            [DEBUG  ]  Ignoring file as matched an ignore pattern: A13b_B1_R2_fastqc.html
[2018-03-16 12:24:20,151] multiqc                                            [DEBUG  ]  Ignoring file as matched an ignore pattern: A13c_B2_R1_fastqc.html
[2018-03-16 12:24:20,151] multiqc                                            [DEBUG  ]  Ignoring file as matched an ignore pattern: A13b_B2_R1.fq.gz
[2018-03-16 12:24:20,151] multiqc                                            [DEBUG  ]  Ignoring file as matched an ignore pattern: A14b_B2_R1.fq.gz
[2018-03-16 12:24:20,152] multiqc                                            [DEBUG  ]  Ignoring file as matched an ignore pattern: A14c_B1_R1.fq.gz
[2018-03-16 12:24:20,152] multiqc                                            [DEBUG  ]  Ignoring file as matched an ignore pattern: A13c_B1_R1.fq.gz
[2018-03-16 12:24:20,152] multiqc                                            [DEBUG  ]  Ignoring file as matched an ignore pattern: A13c_B1_R2_fastqc.html
[2018-03-16 12:24:20,153] multiqc                                            [DEBUG  ]  Ignoring file as matched an ignore pattern: A13b_B2_R1_fastqc.html
[2018-03-16 12:24:20,332] multiqc                                            [DEBUG  ]  No samples found: afterqc
[2018-03-16 12:24:20,335] multiqc                                            [DEBUG  ]  No samples found: custom_content
[2018-03-16 12:24:20,338] multiqc                                            [DEBUG  ]  No samples found: conpair
[2018-03-16 12:24:20,340] multiqc                                            [DEBUG  ]  No samples found: peddy
[2018-03-16 12:24:20,343] multiqc                                            [DEBUG  ]  No samples found: methylQA
[2018-03-16 12:24:20,345] multiqc                                            [DEBUG  ]  No samples found: qualimap
[2018-03-16 12:24:20,348] multiqc                                            [DEBUG  ]  No samples found: preseq
[2018-03-16 12:24:20,350] multiqc                                            [DEBUG  ]  No samples found: quast
[2018-03-16 12:24:20,352] multiqc                                            [DEBUG  ]  No samples found: qorts
[2018-03-16 12:24:20,355] multiqc                                            [DEBUG  ]  No samples found: rna_seqc
[2018-03-16 12:24:20,357] multiqc                                            [DEBUG  ]  No samples found: rsem
[2018-03-16 12:24:20,362] multiqc                                            [DEBUG  ]  No samples found: rseqc
[2018-03-16 12:24:20,364] multiqc                                            [DEBUG  ]  No samples found: busco
[2018-03-16 12:24:20,366] multiqc                                            [DEBUG  ]  No samples found: goleft_indexcov
[2018-03-16 12:24:20,389] multiqc                                            [DEBUG  ]  No samples found: disambiguate
[2018-03-16 12:24:20,392] multiqc                                            [DEBUG  ]  No samples found: supernova
[2018-03-16 12:24:20,397] multiqc                                            [DEBUG  ]  No samples found: deeptools
[2018-03-16 12:24:20,401] multiqc                                            [DEBUG  ]  No samples found: sargasso
[2018-03-16 12:24:20,404] multiqc                                            [DEBUG  ]  No samples found: verifybamid
[2018-03-16 12:24:20,408] multiqc                                            [DEBUG  ]  No samples found: homer
[2018-03-16 12:24:20,411] multiqc                                            [DEBUG  ]  No samples found: macs2
[2018-03-16 12:24:20,413] multiqc                                            [DEBUG  ]  No samples found: theta2
[2018-03-16 12:24:20,416] multiqc                                            [DEBUG  ]  No samples found: snpeff
[2018-03-16 12:24:20,419] multiqc                                            [DEBUG  ]  No samples found: gatk
[2018-03-16 12:24:20,422] multiqc                                            [DEBUG  ]  No samples found: htseq
[2018-03-16 12:24:20,425] multiqc                                            [DEBUG  ]  No samples found: bcftools
[2018-03-16 12:24:20,427] multiqc                                            [DEBUG  ]  No samples found: featureCounts
[2018-03-16 12:24:20,432] multiqc                                            [DEBUG  ]  No samples found: picard
[2018-03-16 12:24:20,435] multiqc                                            [DEBUG  ]  No samples found: prokka
[2018-03-16 12:24:20,437] multiqc                                            [DEBUG  ]  No samples found: samblaster
[2018-03-16 12:24:20,440] multiqc                                            [DEBUG  ]  No samples found: samtools
[2018-03-16 12:24:20,443] multiqc                                            [DEBUG  ]  No samples found: bamtools
[2018-03-16 12:24:20,446] multiqc                                            [DEBUG  ]  No samples found: jellyfish
[2018-03-16 12:24:20,449] multiqc                                            [DEBUG  ]  No samples found: vcftools
[2018-03-16 12:24:20,453] multiqc                                            [DEBUG  ]  No samples found: bbmap
[2018-03-16 12:24:20,456] multiqc                                            [DEBUG  ]  No samples found: bismark
[2018-03-16 12:24:20,458] multiqc                                            [DEBUG  ]  No samples found: hicexplorer
[2018-03-16 12:24:20,460] multiqc                                            [DEBUG  ]  No samples found: hicup
[2018-03-16 12:24:20,463] multiqc                                            [DEBUG  ]  No samples found: salmon
[2018-03-16 12:24:20,465] multiqc                                            [DEBUG  ]  No samples found: kallisto
[2018-03-16 12:24:20,468] multiqc                                            [DEBUG  ]  No samples found: slamdunk
[2018-03-16 12:24:20,470] multiqc                                            [DEBUG  ]  No samples found: star
[2018-03-16 12:24:20,472] multiqc                                            [DEBUG  ]  No samples found: hisat2
[2018-03-16 12:24:20,474] multiqc                                            [DEBUG  ]  No samples found: tophat
[2018-03-16 12:24:20,477] multiqc                                            [DEBUG  ]  No samples found: bowtie2
[2018-03-16 12:24:20,479] multiqc                                            [DEBUG  ]  No samples found: bowtie1
[2018-03-16 12:24:20,481] multiqc                                            [DEBUG  ]  No samples found: leehom
[2018-03-16 12:24:20,487] multiqc                                            [DEBUG  ]  No samples found: adapterRemoval
[2018-03-16 12:24:20,491] multiqc                                            [DEBUG  ]  No samples found: cutadapt
[2018-03-16 12:24:20,494] multiqc                                            [DEBUG  ]  No samples found: flexbar
[2018-03-16 12:24:20,497] multiqc                                            [DEBUG  ]  No samples found: trimmomatic
[2018-03-16 12:24:20,499] multiqc                                            [DEBUG  ]  No samples found: skewer
[2018-03-16 12:24:20,502] multiqc                                            [DEBUG  ]  No samples found: sortmerna
[2018-03-16 12:24:20,504] multiqc                                            [DEBUG  ]  No samples found: biobloomtools
[2018-03-16 12:24:20,507] multiqc                                            [DEBUG  ]  No samples found: fastq_screen
[2018-03-16 12:24:20,895] multiqc.modules.fastqc.fastqc                      [INFO   ]  Found 16 reports
[2018-03-16 12:24:21,114] multiqc                                            [DEBUG  ]  No samples found: clusterflow
[2018-03-16 12:24:21,117] multiqc                                            [DEBUG  ]  No samples found: bcl2fastq
[2018-03-16 12:24:21,121] multiqc                                            [DEBUG  ]  No samples found: interop
[2018-03-16 12:24:21,139] multiqc                                            [INFO   ]  Compressing plot data
[2018-03-16 12:24:21,366] multiqc                                            [INFO   ]  Report      : multiqc_report.html
[2018-03-16 12:24:21,367] multiqc                                            [INFO   ]  Data        : multiqc_data
[2018-03-16 12:24:21,367] multiqc                                            [DEBUG  ]  Moving data file from '/var/folders/bv/5plp6yn57tscxs4kys9cx9vh0000gn/T/tmpli2_4qi9/multiqc_data/multiqc_fastqc.txt' to '/Users/daniel/OneDrive - UNIVERSIDAD NACIONAL AUTÓNOMA DE MÉXICO/owncloud/CLASE_BIOINFORMATICA_AVANZADA/ANALISIS_SECUENCIACION/PRACTICA_9_ENSAMBLE/RNASeq_small/multiqc_data'
[2018-03-16 12:24:21,367] multiqc                                            [DEBUG  ]  Moving data file from '/var/folders/bv/5plp6yn57tscxs4kys9cx9vh0000gn/T/tmpli2_4qi9/multiqc_data/multiqc_general_stats.txt' to '/Users/daniel/OneDrive - UNIVERSIDAD NACIONAL AUTÓNOMA DE MÉXICO/owncloud/CLASE_BIOINFORMATICA_AVANZADA/ANALISIS_SECUENCIACION/PRACTICA_9_ENSAMBLE/RNASeq_small/multiqc_data'
[2018-03-16 12:24:21,367] multiqc                                            [DEBUG  ]  Moving data file from '/var/folders/bv/5plp6yn57tscxs4kys9cx9vh0000gn/T/tmpli2_4qi9/multiqc_data/multiqc_sources.txt' to '/Users/daniel/OneDrive - UNIVERSIDAD NACIONAL AUTÓNOMA DE MÉXICO/owncloud/CLASE_BIOINFORMATICA_AVANZADA/ANALISIS_SECUENCIACION/PRACTICA_9_ENSAMBLE/RNASeq_small/multiqc_data'
[2018-03-16 12:24:21,367] multiqc                                            [DEBUG  ]  Moving data file from '/var/folders/bv/5plp6yn57tscxs4kys9cx9vh0000gn/T/tmpli2_4qi9/multiqc_data/multiqc_data.json' to '/Users/daniel/OneDrive - UNIVERSIDAD NACIONAL AUTÓNOMA DE MÉXICO/owncloud/CLASE_BIOINFORMATICA_AVANZADA/ANALISIS_SECUENCIACION/PRACTICA_9_ENSAMBLE/RNASeq_small/multiqc_data'
[2018-03-16 12:24:21,531] multiqc                                            [INFO   ]  MultiQC complete
